/home/webonise/.ICEauthority
/home/webonise/.mozilla/firefox/lufpy5fb.default/times.json
/home/webonise/.mozilla/firefox/lufpy5fb.default/bookmarkbackups/bookmarks-2015-02-18_20_2-8DciKJPIkCXKD7W82QGQ==.json
/home/webonise/.mozilla/firefox/lufpy5fb.default/secmod.db
/home/webonise/.mozilla/firefox/lufpy5fb.default/healthreport.sqlite-wal
/home/webonise/.mozilla/firefox/lufpy5fb.default/healthreport.sqlite-shm
/home/webonise/.mozilla/firefox/lufpy5fb.default/webapps/webapps.json
/home/webonise/.mozilla/firefox/lufpy5fb.default/webappsstore.sqlite-wal
/home/webonise/.mozilla/firefox/lufpy5fb.default/mimeTypes.rdf
/home/webonise/.mozilla/firefox/lufpy5fb.default/prefs.js
/home/webonise/.mozilla/firefox/lufpy5fb.default/places.sqlite-shm
/home/webonise/.mozilla/firefox/lufpy5fb.default/signons.sqlite
/home/webonise/.mozilla/firefox/lufpy5fb.default/sessionCheckpoints.json
/home/webonise/.mozilla/firefox/lufpy5fb.default/permissions.sqlite
/home/webonise/.mozilla/firefox/lufpy5fb.default/webappsstore.sqlite
/home/webonise/.mozilla/firefox/lufpy5fb.default/cert8.db
/home/webonise/.mozilla/firefox/lufpy5fb.default/cookies.sqlite
/home/webonise/.mozilla/firefox/lufpy5fb.default/pluginreg.dat
/home/webonise/.mozilla/firefox/lufpy5fb.default/extensions.json
/home/webonise/.mozilla/firefox/lufpy5fb.default/places.sqlite
/home/webonise/.mozilla/firefox/lufpy5fb.default/blocklist.xml
/home/webonise/.mozilla/firefox/lufpy5fb.default/search.json
/home/webonise/.mozilla/firefox/lufpy5fb.default/crashes/store.json.mozlz4
/home/webonise/.mozilla/firefox/lufpy5fb.default/cookies.sqlite-shm
/home/webonise/.mozilla/firefox/lufpy5fb.default/formhistory.sqlite
/home/webonise/.mozilla/firefox/lufpy5fb.default/sessionstore.bak
/home/webonise/.mozilla/firefox/lufpy5fb.default/addons.json
/home/webonise/.mozilla/firefox/lufpy5fb.default/places.sqlite-wal
/home/webonise/.mozilla/firefox/lufpy5fb.default/healthreport.sqlite
/home/webonise/.mozilla/firefox/lufpy5fb.default/key3.db
/home/webonise/.mozilla/firefox/lufpy5fb.default/cookies.sqlite-wal
/home/webonise/.mozilla/firefox/lufpy5fb.default/sessionstore.js
/home/webonise/.mozilla/firefox/lufpy5fb.default/extensions.ini
/home/webonise/.mozilla/firefox/lufpy5fb.default/content-prefs.sqlite
/home/webonise/.mozilla/firefox/lufpy5fb.default/compatibility.ini
/home/webonise/.mozilla/firefox/lufpy5fb.default/localstore.rdf
/home/webonise/.mozilla/firefox/lufpy5fb.default/.parentlock
/home/webonise/.mozilla/firefox/lufpy5fb.default/webappsstore.sqlite-shm
/home/webonise/.mozilla/firefox/Crash Reports/InstallTime20140715214327
/home/webonise/.mozilla/firefox/profiles.ini
/home/webonise/.xsession-errors
/home/webonise/examples.desktop
/home/webonise/linux-gnu
/home/webonise/.profile
/home/webonise/.gconf/apps/%gconf.xml
/home/webonise/.gconf/apps/gnome-terminal/%gconf.xml
/home/webonise/.gconf/apps/gnome-terminal/profiles/%gconf.xml
/home/webonise/.gconf/apps/gnome-terminal/profiles/Default/%gconf.xml
/home/webonise/.gconf/apps/nm-applet/%gconf.xml
/home/webonise/.bashrc
/home/webonise/.xsession-errors.old
/home/webonise/.local/share/unity-settings-daemon/input-sources-converted
/home/webonise/.local/share/unity-webapps/availableapps-v2.db
/home/webonise/.local/share/gsettings-data-convert
/home/webonise/.local/share/.converted-launchers
/home/webonise/.local/share/evolution/tasks/system/tasks.ics
/home/webonise/.local/share/evolution/calendar/system/calendar.ics
/home/webonise/.local/share/Trash/info/readme.txt.trashinfo
/home/webonise/.local/share/Trash/info/ass.trashinfo
/home/webonise/.local/share/Trash/files/readme.txt
/home/webonise/.local/share/Trash/files/ass
/home/webonise/.local/share/keyrings/user.keystore
/home/webonise/.local/share/keyrings/login.keyring
/home/webonise/.local/share/recently-used.xbel
/home/webonise/.local/share/session_migration-ubuntu
/home/webonise/.local/share/telepathy/mission-control/accounts.cfg
/home/webonise/.local/share/zeitgeist/fts.index/termlist.baseA
/home/webonise/.local/share/zeitgeist/fts.index/termlist.DB
/home/webonise/.local/share/zeitgeist/fts.index/postlist.DB
/home/webonise/.local/share/zeitgeist/fts.index/record.baseA
/home/webonise/.local/share/zeitgeist/fts.index/flintlock
/home/webonise/.local/share/zeitgeist/fts.index/termlist.baseB
/home/webonise/.local/share/zeitgeist/fts.index/position.baseB
/home/webonise/.local/share/zeitgeist/fts.index/record.baseB
/home/webonise/.local/share/zeitgeist/fts.index/postlist.baseA
/home/webonise/.local/share/zeitgeist/fts.index/position.DB
/home/webonise/.local/share/zeitgeist/fts.index/position.baseA
/home/webonise/.local/share/zeitgeist/fts.index/postlist.baseB
/home/webonise/.local/share/zeitgeist/fts.index/iamchert
/home/webonise/.local/share/zeitgeist/fts.index/record.DB
/home/webonise/.local/share/zeitgeist/activity.sqlite
/home/webonise/.local/share/zeitgeist/activity.sqlite-wal
/home/webonise/.local/share/zeitgeist/activity.sqlite-shm
/home/webonise/.local/share/icc/edid-5f21a62cb7c397f04247af87ecfa42b6.icc
/home/webonise/.local/share/gvfs-metadata/root-ea5d7e5a.log
/home/webonise/.local/share/gvfs-metadata/home-9deae7d3.log
/home/webonise/.local/share/gvfs-metadata/home
/home/webonise/.local/share/gvfs-metadata/root
/home/webonise/assignment.log~
/home/webonise/.config/update-notifier/hooks_seen
/home/webonise/.config/user-dirs.locale
/home/webonise/.config/pulse/f9cf3c55b2ed1d0dfb348dbc54e0bd0d-card-database.tdb
/home/webonise/.config/pulse/f9cf3c55b2ed1d0dfb348dbc54e0bd0d-default-source
/home/webonise/.config/pulse/cookie
/home/webonise/.config/pulse/f9cf3c55b2ed1d0dfb348dbc54e0bd0d-stream-volumes.tdb
/home/webonise/.config/pulse/f9cf3c55b2ed1d0dfb348dbc54e0bd0d-device-volumes.tdb
/home/webonise/.config/pulse/f9cf3c55b2ed1d0dfb348dbc54e0bd0d-default-sink
/home/webonise/.config/user-dirs.dirs
/home/webonise/.config/ibus/bus/f9cf3c55b2ed1d0dfb348dbc54e0bd0d-unix-0
/home/webonise/.config/enchant/en.dic
/home/webonise/.config/enchant/en.exc
/home/webonise/.config/libaccounts-glib/accounts.db
/home/webonise/.config/dconf/user
/home/webonise/.config/compiz-1/compizconfig/done_upgrades
/home/webonise/.config/compiz-1/compizconfig/config
/home/webonise/.config/software-center/softwarecenter.cfg
/home/webonise/.config/gedit/accels
/home/webonise/.config/nautilus/desktop-metadata
/home/webonise/.config/nautilus/accels
/home/webonise/.config/gtk-3.0/bookmarks
/home/webonise/.config/libreoffice/4/user/psprint/pspfontcache
/home/webonise/.config/libreoffice/4/user/gallery/sg30.sdv
/home/webonise/.config/libreoffice/4/user/gallery/sg30.thm
/home/webonise/.config/libreoffice/4/user/autotext/mytexts.bau
/home/webonise/.config/libreoffice/4/user/basic/Standard/Module1.xba
/home/webonise/.config/libreoffice/4/user/basic/Standard/script.xlb
/home/webonise/.config/libreoffice/4/user/basic/Standard/dialog.xlb
/home/webonise/.config/libreoffice/4/user/basic/script.xlc
/home/webonise/.config/libreoffice/4/user/basic/dialog.xlc
/home/webonise/.config/libreoffice/4/user/registrymodifications.xcu
/home/webonise/.config/libreoffice/4/user/database/biblio/biblio.dbf
/home/webonise/.config/libreoffice/4/user/database/biblio/biblio.dbt
/home/webonise/.config/libreoffice/4/user/database/biblio.odb
/home/webonise/.config/libreoffice/4/user/database/evolocal.odb
/home/webonise/.config/libreoffice/4/user/uno_packages/cache/registry/com.sun.star.comp.deployment.help.PackageRegistryBackend/backenddb.xml
/home/webonise/.config/libreoffice/4/user/uno_packages/cache/registry/com.sun.star.comp.deployment.configuration.PackageRegistryBackend/backenddb.xml
/home/webonise/.config/libreoffice/4/user/uno_packages/cache/log.txt
/home/webonise/.config/libreoffice/4/user/extensions/buildid
/home/webonise/.config/libreoffice/4/user/extensions/shared/registry/com.sun.star.comp.deployment.help.PackageRegistryBackend/backenddb.xml
/home/webonise/.config/libreoffice/4/user/extensions/shared/registry/com.sun.star.comp.deployment.configuration.PackageRegistryBackend/backenddb.xml
/home/webonise/.config/libreoffice/4/user/extensions/shared/lastsynchronized
/home/webonise/.config/libreoffice/4/user/extensions/bundled/registry/com.sun.star.comp.deployment.help.PackageRegistryBackend/backenddb.xml
/home/webonise/.config/libreoffice/4/user/extensions/bundled/registry/com.sun.star.comp.deployment.configuration.PackageRegistryBackend/backenddb.xml
/home/webonise/.config/libreoffice/4/user/extensions/bundled/lastsynchronized
/home/webonise/.config/libreoffice/4/user/extensions/tmp/registry/com.sun.star.comp.deployment.help.PackageRegistryBackend/backenddb.xml
/home/webonise/.config/libreoffice/4/user/extensions/tmp/registry/com.sun.star.comp.deployment.configuration.PackageRegistryBackend/backenddb.xml
/home/webonise/.config/libreoffice/4/user/config/arrowhd.soe
/home/webonise/.config/libreoffice/4/user/config/gallery.soc
/home/webonise/.config/libreoffice/4/user/config/javasettings_Linux_X86_64.xml
/home/webonise/.config/libreoffice/4/user/config/tango.soc
/home/webonise/.config/libreoffice/4/user/config/standard.soc
/home/webonise/.config/libreoffice/4/user/config/standard.sod
/home/webonise/.config/libreoffice/4/user/config/scribus.soc
/home/webonise/.config/libreoffice/4/user/config/modern.sog
/home/webonise/.config/libreoffice/4/user/config/styles.sod
/home/webonise/.config/libreoffice/4/user/config/palette.soc
/home/webonise/.config/libreoffice/4/user/config/standard.soh
/home/webonise/.config/libreoffice/4/user/config/standard.sog
/home/webonise/.config/libreoffice/4/user/config/html.soc
/home/webonise/.config/libreoffice/4/user/config/cmyk.soc
/home/webonise/.config/libreoffice/4/user/config/libreoffice.soc
/home/webonise/.config/libreoffice/4/user/config/standard.sob
/home/webonise/.config/libreoffice/4/user/config/classic.sog
/home/webonise/.config/libreoffice/4/user/config/standard.soe
/home/webonise/.config/libreoffice/4/user/config/hatching.soh
/home/webonise/.config/libreoffice/4/user/config/autotbl.fmt
/home/webonise/.config/libreoffice/4/user/config/web.soc
/home/webonise/.cache/wallpaper/0_5_1600_900_792beab7550410d531e55f95b449f135
/home/webonise/.cache/update-manager-core/meta-release-lts
/home/webonise/.cache/ibus/bus/registry
/home/webonise/.cache/logrotate/status
/home/webonise/.cache/unity/first_run.stamp
/home/webonise/.cache/upstart/at-spi2-registryd.log
/home/webonise/.cache/upstart/unity-settings-daemon.log
/home/webonise/.cache/upstart/dbus.log.1.gz
/home/webonise/.cache/upstart/indicator-bluetooth.log.1.gz
/home/webonise/.cache/upstart/unity-panel-service.log.1.gz
/home/webonise/.cache/upstart/gnome-session-Unity.log
/home/webonise/.cache/upstart/indicator-sound.log.1.gz
/home/webonise/.cache/upstart/upstart-event-bridge.log.1.gz
/home/webonise/.cache/upstart/dbus.log
/home/webonise/.cache/upstart/hud.log
/home/webonise/.cache/upstart/unity-panel-service.log
/home/webonise/.cache/upstart/indicator-printers.log
/home/webonise/.cache/upstart/dbus-session
/home/webonise/.cache/upstart/unity-settings-daemon.log.1.gz
/home/webonise/.cache/upstart/update-notifier-release.log.1.gz
/home/webonise/.cache/upstart/unity7.log.1.gz
/home/webonise/.cache/upstart/gnome-session-Unity.log.1.gz
/home/webonise/.cache/upstart/window-stack-bridge.log.1.gz
/home/webonise/.cache/upstart/im-config.log.1.gz
/home/webonise/.cache/fontconfig/158c65c810c0d352a587f5be66058e87-le64.cache-4
/home/webonise/.cache/fontconfig/CACHEDIR.TAG
/home/webonise/.cache/webkit/icondatabase/WebpageIcons.db
/home/webonise/.cache/software-center/rnrclient/reviews.ubuntu.com,reviews,api,1.0,reviews,filter,en,any,any,any,skype,page,1,helpful,,1f5629ae7681e5989b6bff69aee56123
/home/webonise/.cache/software-center/rnrclient/reviews.ubuntu.com,reviews,api,1.0,reviews,filter,en,any,any,any,google-chrome-stable,page,1,helpful,,c401f37bb35cffae5562dcf0756f91fb
/home/webonise/.cache/software-center/icons/wxipespell-icon-wxipespell_64.png
/home/webonise/.cache/software-center/icons/saivt-icon-saivt.svg.png
/home/webonise/.cache/software-center/icons/dmmediaconverter-icon-dmMediaConverter_logo_64x64.png
/home/webonise/.cache/software-center/icons/reportal-icon-64_2.png
/home/webonise/.cache/software-center/icons/numix-icon-theme-square-icon-64.png
/home/webonise/.cache/software-center/icons/numix-icon-theme-circle-icon-64.png
/home/webonise/.cache/software-center/icons/wxpdfspell-icon-wxpdfspell.png
/home/webonise/.cache/software-center/icons/ mycraft-icon-mc-launcher.svg64.png
/home/webonise/.cache/software-center/icons/chart-geany-full-icon-logo64_3.png
/home/webonise/.cache/software-center/apthistory.p
/home/webonise/.cache/software-center/software-center.log
/home/webonise/.cache/software-center/expunge.lock
/home/webonise/.cache/software-center/reviews.ubuntu.com_reviews_api_1.0_review-stats-pkgnames.p
/home/webonise/.cache/software-center/software-center-agent.db/termlist.baseA
/home/webonise/.cache/software-center/software-center-agent.db/termlist.DB
/home/webonise/.cache/software-center/software-center-agent.db/postlist.DB
/home/webonise/.cache/software-center/software-center-agent.db/record.baseA
/home/webonise/.cache/software-center/software-center-agent.db/flintlock
/home/webonise/.cache/software-center/software-center-agent.db/spelling.baseA
/home/webonise/.cache/software-center/software-center-agent.db/termlist.baseB
/home/webonise/.cache/software-center/software-center-agent.db/spelling.baseB
/home/webonise/.cache/software-center/software-center-agent.db/record.baseB
/home/webonise/.cache/software-center/software-center-agent.db/postlist.baseA
/home/webonise/.cache/software-center/software-center-agent.db/postlist.baseB
/home/webonise/.cache/software-center/software-center-agent.db/iamchert
/home/webonise/.cache/software-center/software-center-agent.db/spelling.DB
/home/webonise/.cache/software-center/software-center-agent.db/record.DB
/home/webonise/.cache/software-center/piston-helper/reviews.ubuntu.com,reviews,api,1.0,review-stats,any,any,,1c66e24123164bb80c4253965e29eed7
/home/webonise/.cache/software-center/piston-helper/software-center.ubuntu.com,api,2.0,exhibits,en,trusty,,cea0cdfa918570fc6c4a42b7dea7a1a2
/home/webonise/.cache/software-center/piston-helper/rec.ubuntu.com,api,1.0,recommend_app,skype,,0495938f41334883bd3a67d3b164c1d1
/home/webonise/.cache/software-center/piston-helper/software-center.ubuntu.com,api,2.0,applications,en,ubuntu,trusty,amd64,,112396056a1c2d570586137369f98fa3
/home/webonise/.cache/software-center/piston-helper/reviews.ubuntu.com,reviews,api,1.0,review-stats,any,any,updates-last-1-days,,5e97956339b6410876a1bf1574569b09
/home/webonise/.cache/software-center/piston-helper/rec.ubuntu.com,api,1.0,recommend_app,google-chrome-stable,,ab8e25bc835f33c6ca5c580b6a249704
/home/webonise/.cache/software-center/download-cache/screenshots.ubuntu.com_screenshots_s_skype_4690%5fsmall.png
/home/webonise/.cache/software-center/download-cache/screenshots.ubuntu.com_screenshots_s_skype_9125%5fsmall.png
/home/webonise/.cache/software-center/download-cache/screenshots.ubuntu.com_screenshot-with-version_skype_4.3.0.37-1
/home/webonise/.cache/oneconf/f9cf3c55b2ed1d0dfb348dbc54e0bd0d/package_list_f9cf3c55b2ed1d0dfb348dbc54e0bd0d
/home/webonise/.cache/oneconf/f9cf3c55b2ed1d0dfb348dbc54e0bd0d/host
/home/webonise/.cache/sso/sso-client.log
/home/webonise/.cache/sso/sso-client-gui.log
/home/webonise/.cache/event-sound-cache.tdb.f9cf3c55b2ed1d0dfb348dbc54e0bd0d.x86_64-pc-linux-gnu
/home/webonise/.cache/mozilla/firefox/lufpy5fb.default/thumbnails/6ab016b2dad7ba49a992ba0213a91cf8.png
/home/webonise/.cache/mozilla/firefox/lufpy5fb.default/thumbnails/34fd0bc2b9fa70cb13d01bd6d59de75b.png
/home/webonise/.cache/mozilla/firefox/lufpy5fb.default/thumbnails/194c380f69ac10178c256e2dc45ec492.png
/home/webonise/.cache/mozilla/firefox/lufpy5fb.default/thumbnails/fcfea6c86d1b9f11a77d51336802f572.png
/home/webonise/.cache/mozilla/firefox/lufpy5fb.default/thumbnails/961004660057def7c7d232889d1476e4.png
/home/webonise/.cache/mozilla/firefox/lufpy5fb.default/thumbnails/8c3c9ab4a4d129c1786cfa4b1850f524.png
/home/webonise/.cache/mozilla/firefox/lufpy5fb.default/thumbnails/0f258d0f5fe0a518215482151d2a3c1e.png
/home/webonise/.cache/mozilla/firefox/lufpy5fb.default/thumbnails/4204ccaf4cd555074b83a1dcc09c89e5.png
/home/webonise/.cache/mozilla/firefox/lufpy5fb.default/thumbnails/2f1af45417f97f64b8070a21a742e012.png
/home/webonise/.cache/mozilla/firefox/lufpy5fb.default/thumbnails/bf8793741eacda79a44d2f702bcb2249.png
/home/webonise/.cache/mozilla/firefox/lufpy5fb.default/thumbnails/26f15c7a651c34162e7de733858af347.png
/home/webonise/.cache/mozilla/firefox/lufpy5fb.default/thumbnails/a6d4114ae69fc51c77b929152aeb0a46.png
/home/webonise/.cache/mozilla/firefox/lufpy5fb.default/thumbnails/042390cdc1291c617fbfb55602df7def.png
/home/webonise/.cache/mozilla/firefox/lufpy5fb.default/thumbnails/f9d80dfa6671f7918f4c1fd63a216abf.png
/home/webonise/.cache/mozilla/firefox/lufpy5fb.default/thumbnails/231a86432930d7235eb93c1062894cec.png
/home/webonise/.cache/mozilla/firefox/lufpy5fb.default/thumbnails/049d708f60e11fe20f44f1dfae133e10.png
/home/webonise/.cache/mozilla/firefox/lufpy5fb.default/thumbnails/7cfc7fae623b0fe99d754599da00e880.png
/home/webonise/.cache/mozilla/firefox/lufpy5fb.default/thumbnails/62219d4e4fd9d810e7e7fb1287bb162d.png
/home/webonise/.cache/mozilla/firefox/lufpy5fb.default/thumbnails/d3cdc08d014a71b2e2aac8f4d8a34906.png
/home/webonise/.cache/mozilla/firefox/lufpy5fb.default/thumbnails/4dd619c42f6479315dd585720d709636.png
/home/webonise/.cache/mozilla/firefox/lufpy5fb.default/thumbnails/51634453b9fb799e99f631c183799c2b.png
/home/webonise/.cache/mozilla/firefox/lufpy5fb.default/thumbnails/0d72d2b7bcc636e78884499157032fd5.png
/home/webonise/.cache/mozilla/firefox/lufpy5fb.default/thumbnails/a9a156fb2c4bf982cc1008ee85614cab.png
/home/webonise/.cache/mozilla/firefox/lufpy5fb.default/thumbnails/64fcd9a63e1d007b08d2f88749642712.png
/home/webonise/.cache/mozilla/firefox/lufpy5fb.default/thumbnails/4e759819180b7fd7b3ddd53a6b50c3e1.png
/home/webonise/.cache/mozilla/firefox/lufpy5fb.default/thumbnails/1b1e8b6a26eaf181134b7be137e32d37.png
/home/webonise/.cache/mozilla/firefox/lufpy5fb.default/thumbnails/2122c5656da3d86d77c08f7af48c0268.png
/home/webonise/.cache/mozilla/firefox/lufpy5fb.default/thumbnails/3273af7c6d5f263d4f4179337786aebf.png
/home/webonise/.cache/mozilla/firefox/lufpy5fb.default/thumbnails/2b8b3272a87deb983dc2e1dba9e7a0c1.png
/home/webonise/.cache/mozilla/firefox/lufpy5fb.default/thumbnails/450f6df0b8a9d5b360468825565b4476.png
/home/webonise/.cache/mozilla/firefox/lufpy5fb.default/thumbnails/e0b73cbe239be3d861fa051fee08f981.png
/home/webonise/.cache/mozilla/firefox/lufpy5fb.default/thumbnails/23765a048268054a551f78cbec262c9e.png
/home/webonise/.cache/mozilla/firefox/lufpy5fb.default/startupCache/startupCache.8.little
/home/webonise/.cache/mozilla/firefox/lufpy5fb.default/_CACHE_CLEAN_
/home/webonise/.cache/mozilla/firefox/lufpy5fb.default/Cache/0/F7/C609Cd01
/home/webonise/.cache/mozilla/firefox/lufpy5fb.default/Cache/0/C6/D63ADd01
/home/webonise/.cache/mozilla/firefox/lufpy5fb.default/Cache/0/D1/BD861d01
/home/webonise/.cache/mozilla/firefox/lufpy5fb.default/Cache/0/6F/A166Dd01
/home/webonise/.cache/mozilla/firefox/lufpy5fb.default/Cache/0/59/1C95Ed01
/home/webonise/.cache/mozilla/firefox/lufpy5fb.default/Cache/4/A0/CBC26d01
/home/webonise/.cache/mozilla/firefox/lufpy5fb.default/Cache/4/E9/BDF1Ad01
/home/webonise/.cache/mozilla/firefox/lufpy5fb.default/Cache/4/55/A289Ad01
/home/webonise/.cache/mozilla/firefox/lufpy5fb.default/Cache/_CACHE_002_
/home/webonise/.cache/mozilla/firefox/lufpy5fb.default/Cache/9/62/76FE8d01
/home/webonise/.cache/mozilla/firefox/lufpy5fb.default/Cache/9/4D/FAE9Ed01
/home/webonise/.cache/mozilla/firefox/lufpy5fb.default/Cache/9/A1/F467Fd01
/home/webonise/.cache/mozilla/firefox/lufpy5fb.default/Cache/9/7F/BDD3Bd01
/home/webonise/.cache/mozilla/firefox/lufpy5fb.default/Cache/9/33/00ECEd01
/home/webonise/.cache/mozilla/firefox/lufpy5fb.default/Cache/9/B3/B7A2Bd01
/home/webonise/.cache/mozilla/firefox/lufpy5fb.default/Cache/9/E1/5BE1Fd01
/home/webonise/.cache/mozilla/firefox/lufpy5fb.default/Cache/6/61/AF496d01
/home/webonise/.cache/mozilla/firefox/lufpy5fb.default/Cache/6/E3/434F8d01
/home/webonise/.cache/mozilla/firefox/lufpy5fb.default/Cache/6/6D/66C59d01
/home/webonise/.cache/mozilla/firefox/lufpy5fb.default/Cache/6/D2/719C7d01
/home/webonise/.cache/mozilla/firefox/lufpy5fb.default/Cache/6/F8/7960Ed01
/home/webonise/.cache/mozilla/firefox/lufpy5fb.default/Cache/6/A0/98FF5d01
/home/webonise/.cache/mozilla/firefox/lufpy5fb.default/Cache/6/53/71121d01
/home/webonise/.cache/mozilla/firefox/lufpy5fb.default/Cache/6/03/45A3Ed01
/home/webonise/.cache/mozilla/firefox/lufpy5fb.default/Cache/6/81/8518Ad01
/home/webonise/.cache/mozilla/firefox/lufpy5fb.default/Cache/2/32/D0DA5d01
/home/webonise/.cache/mozilla/firefox/lufpy5fb.default/Cache/2/B8/F1AC5d01
/home/webonise/.cache/mozilla/firefox/lufpy5fb.default/Cache/2/18/79EE3d01
/home/webonise/.cache/mozilla/firefox/lufpy5fb.default/Cache/2/10/8DEB1d01
/home/webonise/.cache/mozilla/firefox/lufpy5fb.default/Cache/2/20/E7C94d01
/home/webonise/.cache/mozilla/firefox/lufpy5fb.default/Cache/2/CE/E7495d01
/home/webonise/.cache/mozilla/firefox/lufpy5fb.default/Cache/2/AE/8F217d01
/home/webonise/.cache/mozilla/firefox/lufpy5fb.default/Cache/2/23/73662d01
/home/webonise/.cache/mozilla/firefox/lufpy5fb.default/Cache/2/9E/80BE0d01
/home/webonise/.cache/mozilla/firefox/lufpy5fb.default/Cache/2/16/14CA7d01
/home/webonise/.cache/mozilla/firefox/lufpy5fb.default/Cache/2/3A/FEBD0d01
/home/webonise/.cache/mozilla/firefox/lufpy5fb.default/Cache/7/DF/AD3EFd01
/home/webonise/.cache/mozilla/firefox/lufpy5fb.default/Cache/7/F5/3C7EFd01
/home/webonise/.cache/mozilla/firefox/lufpy5fb.default/Cache/7/BF/8D3EBd01
/home/webonise/.cache/mozilla/firefox/lufpy5fb.default/Cache/7/A1/A437Ed01
/home/webonise/.cache/mozilla/firefox/lufpy5fb.default/Cache/7/88/4FA80d01
/home/webonise/.cache/mozilla/firefox/lufpy5fb.default/Cache/7/40/16548d01
/home/webonise/.cache/mozilla/firefox/lufpy5fb.default/Cache/7/C2/973A1d01
/home/webonise/.cache/mozilla/firefox/lufpy5fb.default/Cache/7/42/1FEBAd01
/home/webonise/.cache/mozilla/firefox/lufpy5fb.default/Cache/7/E6/5F303d01
/home/webonise/.cache/mozilla/firefox/lufpy5fb.default/Cache/7/5F/F15E3d01
/home/webonise/.cache/mozilla/firefox/lufpy5fb.default/Cache/A/46/5222Bd01
/home/webonise/.cache/mozilla/firefox/lufpy5fb.default/Cache/A/12/92D2Bd01
/home/webonise/.cache/mozilla/firefox/lufpy5fb.default/Cache/A/9C/C40DBd01
/home/webonise/.cache/mozilla/firefox/lufpy5fb.default/Cache/A/8A/E1CAFd01
/home/webonise/.cache/mozilla/firefox/lufpy5fb.default/Cache/A/87/46102d01
/home/webonise/.cache/mozilla/firefox/lufpy5fb.default/Cache/A/F4/64147d01
/home/webonise/.cache/mozilla/firefox/lufpy5fb.default/Cache/A/C1/86615d01
/home/webonise/.cache/mozilla/firefox/lufpy5fb.default/Cache/C/F9/A9228d01
/home/webonise/.cache/mozilla/firefox/lufpy5fb.default/Cache/C/B9/2BD6Bd01
/home/webonise/.cache/mozilla/firefox/lufpy5fb.default/Cache/C/9C/6F670d01
/home/webonise/.cache/mozilla/firefox/lufpy5fb.default/Cache/C/88/7C337d01
/home/webonise/.cache/mozilla/firefox/lufpy5fb.default/Cache/C/C9/F7A20d01
/home/webonise/.cache/mozilla/firefox/lufpy5fb.default/Cache/C/70/1E5B7d01
/home/webonise/.cache/mozilla/firefox/lufpy5fb.default/Cache/C/68/E0AD1d01
/home/webonise/.cache/mozilla/firefox/lufpy5fb.default/Cache/F/78/9A9DDd01
/home/webonise/.cache/mozilla/firefox/lufpy5fb.default/Cache/F/54/E76A4d01
/home/webonise/.cache/mozilla/firefox/lufpy5fb.default/Cache/F/69/5DD00d01
/home/webonise/.cache/mozilla/firefox/lufpy5fb.default/Cache/F/55/51E56d01
/home/webonise/.cache/mozilla/firefox/lufpy5fb.default/Cache/_CACHE_001_
/home/webonise/.cache/mozilla/firefox/lufpy5fb.default/Cache/D/56/B37CAd01
/home/webonise/.cache/mozilla/firefox/lufpy5fb.default/Cache/D/D4/A22A2d01
/home/webonise/.cache/mozilla/firefox/lufpy5fb.default/Cache/D/BB/FFD38d01
/home/webonise/.cache/mozilla/firefox/lufpy5fb.default/Cache/D/FE/75096d01
/home/webonise/.cache/mozilla/firefox/lufpy5fb.default/Cache/D/91/7C99Fd01
/home/webonise/.cache/mozilla/firefox/lufpy5fb.default/Cache/D/13/85511d02
/home/webonise/.cache/mozilla/firefox/lufpy5fb.default/Cache/D/95/7F1C6d01
/home/webonise/.cache/mozilla/firefox/lufpy5fb.default/Cache/D/FC/C7EE9d01
/home/webonise/.cache/mozilla/firefox/lufpy5fb.default/Cache/3/A3/73FD8d01
/home/webonise/.cache/mozilla/firefox/lufpy5fb.default/Cache/3/A8/B54D0d01
/home/webonise/.cache/mozilla/firefox/lufpy5fb.default/Cache/3/93/5AFA2d01
/home/webonise/.cache/mozilla/firefox/lufpy5fb.default/Cache/3/98/8AD70d01
/home/webonise/.cache/mozilla/firefox/lufpy5fb.default/Cache/3/53/C7E1Ed01
/home/webonise/.cache/mozilla/firefox/lufpy5fb.default/Cache/3/54/DFAF4d01
/home/webonise/.cache/mozilla/firefox/lufpy5fb.default/Cache/3/C9/99FE7d01
/home/webonise/.cache/mozilla/firefox/lufpy5fb.default/Cache/3/CF/2F3E5d01
/home/webonise/.cache/mozilla/firefox/lufpy5fb.default/Cache/3/EA/C5122d01
/home/webonise/.cache/mozilla/firefox/lufpy5fb.default/Cache/8/89/31EFEd01
/home/webonise/.cache/mozilla/firefox/lufpy5fb.default/Cache/8/D8/E7B9Dd01
/home/webonise/.cache/mozilla/firefox/lufpy5fb.default/Cache/8/EF/10072d01
/home/webonise/.cache/mozilla/firefox/lufpy5fb.default/Cache/_CACHE_MAP_
/home/webonise/.cache/mozilla/firefox/lufpy5fb.default/Cache/_CACHE_003_
/home/webonise/.cache/mozilla/firefox/lufpy5fb.default/Cache/B/2C/65123d01
/home/webonise/.cache/mozilla/firefox/lufpy5fb.default/Cache/B/72/0876Cd01
/home/webonise/.cache/mozilla/firefox/lufpy5fb.default/Cache/1/C5/56939d01
/home/webonise/.cache/mozilla/firefox/lufpy5fb.default/Cache/1/C7/7BE06d01
/home/webonise/.cache/mozilla/firefox/lufpy5fb.default/Cache/1/2B/1D6D9d01
/home/webonise/.cache/mozilla/firefox/lufpy5fb.default/Cache/1/DA/79C34d01
/home/webonise/.cache/mozilla/firefox/lufpy5fb.default/Cache/1/C6/D8EB1d01
/home/webonise/.cache/mozilla/firefox/lufpy5fb.default/Cache/1/FB/6B1F0d01
/home/webonise/.cache/mozilla/firefox/lufpy5fb.default/Cache/1/45/C3988d01
/home/webonise/.cache/mozilla/firefox/lufpy5fb.default/Cache/1/3B/95333d01
/home/webonise/.cache/mozilla/firefox/lufpy5fb.default/Cache/1/CE/8198Ad01
/home/webonise/.cache/mozilla/firefox/lufpy5fb.default/Cache/1/E6/619D8d01
/home/webonise/.cache/mozilla/firefox/lufpy5fb.default/Cache/E/35/ADB32d01
/home/webonise/.cache/mozilla/firefox/lufpy5fb.default/Cache/E/80/3D20Fd01
/home/webonise/.cache/mozilla/firefox/lufpy5fb.default/Cache/E/C2/558F1d01
/home/webonise/.cache/mozilla/firefox/lufpy5fb.default/Cache/E/53/7BB08d01
/home/webonise/.cache/mozilla/firefox/lufpy5fb.default/Cache/E/C0/164CDd01
/home/webonise/.cache/mozilla/firefox/lufpy5fb.default/Cache/E/37/1333Ad01
/home/webonise/.cache/mozilla/firefox/lufpy5fb.default/Cache/E/DB/D245Bd01
/home/webonise/.cache/mozilla/firefox/lufpy5fb.default/Cache/E/E5/E6DE8d01
/home/webonise/.cache/mozilla/firefox/lufpy5fb.default/Cache/E/9D/9A77Fd01
/home/webonise/.cache/mozilla/firefox/lufpy5fb.default/Cache/E/C1/55786d01
/home/webonise/.cache/mozilla/firefox/lufpy5fb.default/Cache/E/6E/E6CB1d01
/home/webonise/.cache/mozilla/firefox/lufpy5fb.default/Cache/5/90/164FFd01
/home/webonise/.cache/mozilla/firefox/lufpy5fb.default/Cache/5/56/002BFd01
/home/webonise/.cache/mozilla/firefox/lufpy5fb.default/Cache/5/F0/D19F6d01
/home/webonise/.cache/mozilla/firefox/lufpy5fb.default/Cache/5/9C/12816d01
/home/webonise/.cache/mozilla/firefox/lufpy5fb.default/Cache/5/E0/C5584d01
/home/webonise/.cache/mozilla/firefox/lufpy5fb.default/Cache/5/EE/7CF9Bd01
/home/webonise/.cache/mozilla/firefox/lufpy5fb.default/Cache/5/3E/2A420d01
/home/webonise/.cache/mozilla/firefox/lufpy5fb.default/Cache/5/A6/30B02d01
/home/webonise/.cache/mozilla/firefox/lufpy5fb.default/Cache/5/17/FB3F1d01
/home/webonise/.cache/mozilla/firefox/lufpy5fb.default/Cache/5/60/A8AEAd01
/home/webonise/.cache/mozilla/firefox/lufpy5fb.default/Cache/5/5F/E6A02d01
/home/webonise/.cache/mozilla/firefox/lufpy5fb.default/safebrowsing/goog-phish-shavar.pset
/home/webonise/.cache/mozilla/firefox/lufpy5fb.default/safebrowsing/test-malware-simple.sbstore
/home/webonise/.cache/mozilla/firefox/lufpy5fb.default/safebrowsing/test-phish-simple.cache
/home/webonise/.cache/mozilla/firefox/lufpy5fb.default/safebrowsing/test-malware-simple.pset
/home/webonise/.cache/mozilla/firefox/lufpy5fb.default/safebrowsing/goog-badbinurl-shavar.pset
/home/webonise/.cache/mozilla/firefox/lufpy5fb.default/safebrowsing/goog-badbinurl-shavar.sbstore
/home/webonise/.cache/mozilla/firefox/lufpy5fb.default/safebrowsing/goog-malware-shavar.pset
/home/webonise/.cache/mozilla/firefox/lufpy5fb.default/safebrowsing/goog-badbinurl-shavar.cache
/home/webonise/.cache/mozilla/firefox/lufpy5fb.default/safebrowsing/test-phish-simple.sbstore
/home/webonise/.cache/mozilla/firefox/lufpy5fb.default/safebrowsing/goog-malware-shavar.cache
/home/webonise/.cache/mozilla/firefox/lufpy5fb.default/safebrowsing/test-phish-simple.pset
/home/webonise/.cache/mozilla/firefox/lufpy5fb.default/safebrowsing/goog-phish-shavar.cache
/home/webonise/.cache/mozilla/firefox/lufpy5fb.default/safebrowsing/test-malware-simple.cache
/home/webonise/.cache/mozilla/firefox/lufpy5fb.default/safebrowsing/goog-phish-shavar.sbstore
/home/webonise/.cache/mozilla/firefox/lufpy5fb.default/safebrowsing/goog-malware-shavar.sbstore
/home/webonise/.cache/gstreamer-1.0/registry.x86_64.bin
/home/webonise/.cache/compizconfig-1/snap.pb
/home/webonise/.cache/compizconfig-1/fade.pb
/home/webonise/.cache/compizconfig-1/compiztoolbox.pb
/home/webonise/.cache/compizconfig-1/ezoom.pb
/home/webonise/.cache/compizconfig-1/session.pb
/home/webonise/.cache/compizconfig-1/unitymtgrabhandles.pb
/home/webonise/.cache/compizconfig-1/expo.pb
/home/webonise/.cache/compizconfig-1/unityshell.pb
/home/webonise/.cache/compizconfig-1/move.pb
/home/webonise/.cache/compizconfig-1/composite.pb
/home/webonise/.cache/compizconfig-1/opengl.pb
/home/webonise/.cache/compizconfig-1/grid.pb
/home/webonise/.cache/compizconfig-1/imgpng.pb
/home/webonise/.cache/compizconfig-1/mousepoll.pb
/home/webonise/.cache/compizconfig-1/resize.pb
/home/webonise/.cache/compizconfig-1/core.pb
/home/webonise/.cache/compizconfig-1/decor.pb
/home/webonise/.cache/compizconfig-1/vpswitch.pb
/home/webonise/.cache/compizconfig-1/commands.pb
/home/webonise/.cache/compizconfig-1/place.pb
/home/webonise/.cache/compizconfig-1/scale.pb
/home/webonise/.cache/compizconfig-1/gnomecompat.pb
/home/webonise/.cache/compizconfig-1/wall.pb
/home/webonise/.cache/compizconfig-1/regex.pb
/home/webonise/.cache/compizconfig-1/animation.pb
/home/webonise/.cache/compizconfig-1/copytex.pb
/home/webonise/.cache/compizconfig-1/workarounds.pb
/home/webonise/Downloads/google-chrome-stable_current_amd64.deb
/home/webonise/Downloads/skype-ubuntu-precise_4.3.0.37-1_i386.deb
/home/webonise/assignment/q3.sh
/home/webonise/assignment/x_x_x_.txt
/home/webonise/assignment/Untitled Document
/home/webonise/assignment/b_.txt
/home/webonise/assignment/readme.txt
/home/webonise/assignment/x_x_x.txt~
/home/webonise/assignment/q5.sh
/home/webonise/assignment/a.txt~
/home/webonise/assignment/rename.sh
/home/webonise/assignment/find
/home/webonise/assignment/assignment
/home/webonise/assignment/q5.sh~
/home/webonise/assignment/b.txt~
/home/webonise/assignment/rename.sh~
/home/webonise/assignment/q3.sh~
/home/webonise/assignment/assignment.log
/home/webonise/assignment/public_html/a_.txt
/home/webonise/.dmrc
/home/webonise/.compiz/session/10d5d9603299e0748314240146401041800000018980001
/home/webonise/.Xauthority
/home/webonise/.bash_logout
/home/webonise/assignment.log
/home/webonise/.bash_history
Wed Feb 18 18:29:59 IST 2015
assignment
assignment.log
assignment.log~
a.txt~
b_.txt
b.txt~
find
public_html
q1.sh
q1.sh~
q2.sh
q2.sh~
q3.sh
q3.sh~
q4.sh
q4.sh~
q5_2.sh
q5_2.sh~
q5.sh
q5.sh~
q6.sh~
rename.sh
rename.sh~
Untitled Document
x_x_x_.txt
x_x_x.txt~
assignment
assignment.log
assignment.log~
a.txt~
b_.txt
b.txt~
find
public_html
q1.sh
q1.sh~
q2.sh
q2.sh~
q3.sh
q3.sh~
q4.sh
q4.sh~
q5_2.sh
q5_2.sh~
q5.sh
q5.sh~
q6.sh~
rename.sh
rename.sh~
Untitled Document
x_x_x_x_.txt
x_x_x_x.txt~
b__.txt
x_x_x_x__.txt
x_x_x_x_x__.txt
x_x_x_x_x.txt~
